Login attempt with email: admin@nucleusteq.com
Logged Out
Login attempt with email: admin@nucleusteq.com
All Items view
Assigned Items Filter
Unssigned Items Filter
Item 3 Assigned 1
Unssigned Items Filter
Assigned Items Filter
Item Unassigned
Assigned Items Filter
Unssigned Items Filter
Item 14 Assigned 2
Unssigned Items Filter
Unssigned Items Filter
New Item Added
Item 123 Assigned to User 1
Item Deleted
User Deleted 
Item 123 Unassigned
New Item Added
Item 123 Assigned to User 1
Item Deleted
User Deleted 
Item 123 Unassigned
New Item Added
Item 123 Assigned to User 1
Item Deleted
User Deleted 
Item 123 Unassigned
New Item Added
Item 123 Assigned to User 1
Item Deleted
User Deleted 
Item 123 Unassigned
New Item Added
Item 123 Assigned to User 1
Item Deleted
User Deleted 
Item 123 Unassigned
New Item Added
Item 123 Assigned to User 1
Item Deleted
User Deleted 
Item 123 Unassigned
New Item Added
Item 123 Assigned to User 1
Item Deleted
User Deleted 
Item 123 Unassigned
New Item Added
Item 123 Assigned to User 1
Item Deleted
User Deleted 
Item 123 Unassigned
New Item Added
Item 123 Assigned to User 1
Item Deleted
User Deleted 
Item 123 Unassigned
New User Added
User Info Modified
New Item Added
Item 123 Assigned to User 1
Item Deleted
User Deleted 
Item 123 Unassigned
New Item Added
New User Added
Item 123 Assigned to User 1
Item Deleted
User Deleted 
Item 123 Unassigned
New Item Added
New User Added
Item 123 Assigned to User 1
Item Deleted
User Deleted 
User Info Modified
Item 123 Unassigned
New Item Added
New User Added
Item 123 Assigned to User 1
Item Deleted
User Deleted 
Item 123 Unassigned
New Item Added
New User Added
Item 123 Assigned to User 1
Item Deleted
User Deleted 
Item 123 Unassigned
New Item Added
New User Added
Item 123 Assigned to User 1
Item Deleted
User Deleted 
User Info Modified
Item 123 Unassigned
New Item Added
New User Added
Item 123 Assigned to User 1
Item Deleted
User Deleted 
Item 123 Unassigned
New Item Added
New User Added
Item 123 Assigned to User 1
Item Deleted
User Deleted 
Item 123 Unassigned
Login attempt with email: admin@nucleusteq.com
New Item Added
New User Added
Item 123 Assigned to User 1
Item Deleted
User Deleted 
Login attempt with email: invalid@nucleusteq.com
Login attempt with email: admin@nucleusteq.com
Login attempt with email: admin@nucleusteq.com
Logged Out
Item 123 Unassigned
Login attempt with email: admin@nucleusteq.com
New Item Added
New User Added
Item 123 Assigned to User 1
Item Deleted
User Deleted 
Login attempt with email: invalid@nucleusteq.com
Login attempt with email: admin@nucleusteq.com
Login attempt with email: admin@nucleusteq.com
Logged Out
Item 123 Unassigned
Login attempt with email: admin@nucleusteq.com
New Item Added
New User Added
Item 123 Assigned to User 1
Item Deleted
User Deleted 
Login attempt with email: invalid@nucleusteq.com
Login attempt with email: admin@nucleusteq.com
Login attempt with email: admin@nucleusteq.com
Logged Out
Item 123 Unassigned
Login attempt with email: admin@nucleusteq.com
New Item Added
New User Added
Item 123 Assigned to User 1
Item Deleted
User Deleted 
Login attempt with email: invalid@nucleusteq.com
Login attempt with email: admin@nucleusteq.com
Login attempt with email: admin@nucleusteq.com
Logged Out
Item 123 Unassigned
Login attempt with email: admin@nucleusteq.com
New Item Added
New User Added
Item 123 Assigned to User 1
Item Deleted
User Deleted 
Login attempt with email: invalid@nucleusteq.com
Login attempt with email: admin@nucleusteq.com
Login attempt with email: admin@nucleusteq.com
Logged Out
Item 123 Unassigned
Login attempt with email: admin@nucleusteq.com
New Item Added
New User Added
Item 123 Assigned to User 1
Item Deleted
User Deleted 
Login attempt with email: invalid@nucleusteq.com
Login attempt with email: admin@nucleusteq.com
Login attempt with email: admin@nucleusteq.com
Logged Out
Item 123 Unassigned
Login attempt with email: admin@nucleusteq.com
New Item Added
New User Added
Item 123 Assigned to User 1
Item Deleted
User Deleted 
Login attempt with email: invalid@nucleusteq.com
Login attempt with email: admin@nucleusteq.com
Login attempt with email: admin@nucleusteq.com
Logged Out
Item 123 Unassigned
New Item Added
New User Added
Item 123 Assigned to User 1
Item Deleted
User Deleted 
Item 123 Unassigned
Login attempt with email: admin@nucleusteq.com
New Item Added
New User Added
Item 123 Assigned to User 1
Item Deleted
User Deleted 
User Info Modified
Login attempt with email: invalid@nucleusteq.com
Login attempt with email: admin@nucleusteq.com
Login attempt with email: admin@nucleusteq.com
Logged Out
Item 123 Unassigned
Login attempt with email: admin@nucleusteq.com
New Item Added
New User Added
Item 123 Assigned to User 1
Item Deleted
User Deleted 
User Info Modified
Login attempt with email: invalid@nucleusteq.com
Login attempt with email: admin@nucleusteq.com
Login attempt with email: admin@nucleusteq.com
Logged Out
Item 123 Unassigned
Login attempt with email: admin@nucleusteq.com
New Item Added
New User Added
Item 123 Assigned to User 1
Item Deleted
User Deleted 
User Info Modified
Login attempt with email: invalid@nucleusteq.com
Login attempt with email: admin@nucleusteq.com
Login attempt with email: admin@nucleusteq.com
Logged Out
Item 123 Unassigned
Login attempt with email: admin@nucleusteq.com
New Item Added
New User Added
Item 123 Assigned to User 1
Item Deleted
User Deleted 
User Info Modified
Login attempt with email: invalid@nucleusteq.com
Login attempt with email: admin@nucleusteq.com
Login attempt with email: admin@nucleusteq.com
Logged Out
Item 123 Unassigned
Login attempt with email: admin@nucleusteq.com
New Item Added
New User Added
Item 123 Assigned to User 1
Item Deleted
User Deleted 
User Info Modified
Login attempt with email: invalid@nucleusteq.com
Login attempt with email: admin@nucleusteq.com
Login attempt with email: admin@nucleusteq.com
Logged Out
Item 123 Unassigned
Login attempt with email: admin@nucleusteq.com
New Item Added
New User Added
Item 123 Assigned to User 1
Item Deleted
User Deleted 
User Info Modified
Login attempt with email: invalid@nucleusteq.com
Login attempt with email: admin@nucleusteq.com
Login attempt with email: admin@nucleusteq.com
Logged Out
Item 123 Unassigned
Login attempt with email: admin@nucleusteq.com
New Item Added
New User Added
Item 123 Assigned to User 1
Item Deleted
User Deleted 
Login attempt with email: invalid@nucleusteq.com
Login attempt with email: admin@nucleusteq.com
Login attempt with email: admin@nucleusteq.com
Logged Out
Item 123 Unassigned
User Info Modified
Login attempt with email: admin@nucleusteq.com
New Item Added
New User Added
Item 123 Assigned to User 1
Item Deleted
User Deleted 
Login attempt with email: invalid@nucleusteq.com
Login attempt with email: admin@nucleusteq.com
Login attempt with email: admin@nucleusteq.com
Logged Out
Item 123 Unassigned
Login attempt with email: admin@nucleusteq.com
New Item Added
New User Added
Item 123 Assigned to User 1
Item Deleted
User Deleted 
Login attempt with email: invalid@nucleusteq.com
Login attempt with email: admin@nucleusteq.com
Login attempt with email: admin@nucleusteq.com
Logged Out
Item 123 Unassigned
Login attempt with email: admin@nucleusteq.com
New Item Added
New User Added
Item 123 Assigned to User 1
Item Deleted
User Deleted 
Login attempt with email: invalid@nucleusteq.com
Login attempt with email: admin@nucleusteq.com
Login attempt with email: admin@nucleusteq.com
Logged Out
Item 123 Unassigned
Login attempt with email: admin@nucleusteq.com
New Item Added
New User Added
Item 123 Assigned to User 1
Item Deleted
User Deleted 
Login attempt with email: invalid@nucleusteq.com
Login attempt with email: admin@nucleusteq.com
Login attempt with email: admin@nucleusteq.com
Logged Out
Item 123 Unassigned
Login attempt with email: admin@nucleusteq.com
New Item Added
New User Added
Item 123 Assigned to User 1
Item Deleted
User Deleted 
Login attempt with email: invalid@nucleusteq.com
Login attempt with email: admin@nucleusteq.com
Login attempt with email: admin@nucleusteq.com
Logged Out
Item 123 Unassigned
Login attempt with email: admin@nucleusteq.com
New Item Added
New User Added
Item 123 Assigned to User 1
Item Deleted
User Deleted 
Login attempt with email: invalid@nucleusteq.com
Login attempt with email: admin@nucleusteq.com
Login attempt with email: admin@nucleusteq.com
Logged Out
Item 123 Unassigned
